{"uuid":"b4f5218b-c46e-44c9-996e-0447ae59417c","historyId":"200310bb4d4dd9bc9e1bb6d120b2d3e4","fullName":"com.avinashsinha.SN17_Selenium_DataDrivenTesingPOI.java1.test_vwo_login","labels":[{"name":"package","value":"com.avinashsinha.SN17_Selenium_DataDrivenTesingPOI.java1"},{"name":"testClass","value":"com.avinashsinha.SN17_Selenium_DataDrivenTesingPOI.java1"},{"name":"testMethod","value":"test_vwo_login"},{"name":"parentSuite","value":"Default Suite"},{"name":"suite","value":"Selenium_Learning"},{"name":"subSuite","value":"com.avinashsinha.SN17_Selenium_DataDrivenTesingPOI.java1"},{"name":"host","value":"LAPTOP-6BATQ622"},{"name":"thread","value":"13908@LAPTOP-6BATQ622.main(3)"},{"name":"framework","value":"testng"},{"name":"language","value":"java"}],"links":[],"name":"test_vwo_login","status":"broken","statusDetails":{"known":false,"muted":false,"flaky":false,"message":"java.lang.NullPointerException: Cannot invoke \"org.apache.poi.ss.usermodel.Cell.toString()\" because the return value of \"org.apache.poi.ss.usermodel.Row.getCell(int)\" is null","trace":"java.lang.RuntimeException: java.lang.NullPointerException: Cannot invoke \"org.apache.poi.ss.usermodel.Cell.toString()\" because the return value of \"org.apache.poi.ss.usermodel.Row.getCell(int)\" is null\r\n\tat org.testng.internal.invokers.MethodInvocationHelper.invokeMethodNoCheckedException(MethodInvocationHelper.java:58)\r\n\tat org.testng.internal.invokers.MethodInvocationHelper.invokeDataProvider(MethodInvocationHelper.java:159)\r\n\tat org.testng.internal.Parameters.handleParameters(Parameters.java:809)\r\n\tat org.testng.internal.Parameters.handleParameters(Parameters.java:734)\r\n\tat org.testng.internal.invokers.ParameterHandler.handleParameters(ParameterHandler.java:72)\r\n\tat org.testng.internal.invokers.ParameterHandler.createParameters(ParameterHandler.java:51)\r\n\tat org.testng.internal.invokers.TestInvoker$MethodInvocationAgent.invoke(TestInvoker.java:949)\r\n\tat org.testng.internal.invokers.TestInvoker.invokeTestMethods(TestInvoker.java:203)\r\n\tat org.testng.internal.invokers.TestMethodWorker.invokeTestMethods(TestMethodWorker.java:154)\r\n\tat org.testng.internal.invokers.TestMethodWorker.run(TestMethodWorker.java:134)\r\n\tat java.base/java.util.ArrayList.forEach(ArrayList.java:1604)\r\n\tat org.testng.TestRunner.privateRun(TestRunner.java:741)\r\n\tat org.testng.TestRunner.run(TestRunner.java:616)\r\n\tat org.testng.SuiteRunner.runTest(SuiteRunner.java:421)\r\n\tat org.testng.SuiteRunner.runSequentially(SuiteRunner.java:413)\r\n\tat org.testng.SuiteRunner.privateRun(SuiteRunner.java:373)\r\n\tat org.testng.SuiteRunner.run(SuiteRunner.java:312)\r\n\tat org.testng.SuiteRunnerWorker.runSuite(SuiteRunnerWorker.java:52)\r\n\tat org.testng.SuiteRunnerWorker.run(SuiteRunnerWorker.java:95)\r\n\tat org.testng.TestNG.runSuitesSequentially(TestNG.java:1274)\r\n\tat org.testng.TestNG.runSuitesLocally(TestNG.java:1208)\r\n\tat org.testng.TestNG.runSuites(TestNG.java:1112)\r\n\tat org.testng.TestNG.run(TestNG.java:1079)\r\n\tat com.intellij.rt.testng.IDEARemoteTestNG.run(IDEARemoteTestNG.java:65)\r\n\tat com.intellij.rt.testng.RemoteTestNGStarter.main(RemoteTestNGStarter.java:105)\r\nCaused by: java.lang.NullPointerException: Cannot invoke \"org.apache.poi.ss.usermodel.Cell.toString()\" because the return value of \"org.apache.poi.ss.usermodel.Row.getCell(int)\" is null\r\n\tat com.avinashsinha.SN17_Selenium_DataDrivenTesingPOI.UtilExcel.getTestDataFromExcel(UtilExcel.java:48)\r\n\tat com.avinashsinha.SN17_Selenium_DataDrivenTesingPOI.java1.getData(java1.java:42)\r\n\tat java.base/jdk.internal.reflect.DirectMethodHandleAccessor.invoke(DirectMethodHandleAccessor.java:104)\r\n\tat java.base/java.lang.reflect.Method.invoke(Method.java:565)\r\n\tat org.testng.internal.invokers.MethodInvocationHelper.invokeMethod(MethodInvocationHelper.java:141)\r\n\tat org.testng.internal.invokers.MethodInvocationHelper.invokeMethod(MethodInvocationHelper.java:86)\r\n\tat org.testng.internal.invokers.MethodInvocationHelper.invokeMethodNoCheckedException(MethodInvocationHelper.java:54)\r\n\t... 24 more\r\n"},"stage":"finished","steps":[],"attachments":[],"parameters":[],"start":1760456939601,"stop":1760456939605}